Performing C++ SOURCE FILE Test CMAKE_HAVE_LIBC_PTHREAD failed with the following output:
Change Dir: /home/lab_vauser/My/WaterLandLevelsGenerator/build/CMakeFiles/CMakeTmp

Run Build Command(s):/usr/bin/make cmTC_88efc/fast && /usr/bin/make  -f CMakeFiles/cmTC_88efc.dir/build.make CMakeFiles/cmTC_88efc.dir/build
make[1]: Entering directory '/home/lab_vauser/My/WaterLandLevelsGenerator/build/CMakeFiles/CMakeTmp'
Building CXX object CMakeFiles/cmTC_88efc.dir/src.cxx.o
/usr/bin/c++   -DCMAKE_HAVE_LIBC_PTHREAD -o CMakeFiles/cmTC_88efc.dir/src.cxx.o -c /home/lab_vauser/My/WaterLandLevelsGenerator/build/CMakeFiles/CMakeTmp/src.cxx
Linking CXX executable cmTC_88efc
/home/lab_vauser/.local/lib/python3.6/site-packages/cmake/data/bin/cmake -E cmake_link_script CMakeFiles/cmTC_88efc.dir/link.txt --verbose=1
/usr/bin/c++  -DCMAKE_HAVE_LIBC_PTHREAD CMakeFiles/cmTC_88efc.dir/src.cxx.o -o cmTC_88efc 
CMakeFiles/cmTC_88efc.dir/src.cxx.o: In function `main':
src.cxx:(.text+0x3e): undefined reference to `pthread_create'
src.cxx:(.text+0x4a): undefined reference to `pthread_detach'
src.cxx:(.text+0x56): undefined reference to `pthread_cancel'
src.cxx:(.text+0x67): undefined reference to `pthread_join'
src.cxx:(.text+0x7b): undefined reference to `pthread_atfork'
collect2: error: ld returned 1 exit status
CMakeFiles/cmTC_88efc.dir/build.make:105: recipe for target 'cmTC_88efc' failed
make[1]: *** [cmTC_88efc] Error 1
make[1]: Leaving directory '/home/lab_vauser/My/WaterLandLevelsGenerator/build/CMakeFiles/CMakeTmp'
Makefile:140: recipe for target 'cmTC_88efc/fast' failed
make: *** [cmTC_88efc/fast] Error 2


Source file was:
#include <pthread.h>

void* test_func(void* data)
{
  return data;
}

int main(void)
{
  pthread_t thread;
  pthread_create(&thread, NULL, test_func, NULL);
  pthread_detach(thread);
  pthread_cancel(thread);
  pthread_join(thread, NULL);
  pthread_atfork(NULL, NULL, NULL);
  pthread_exit(NULL);

  return 0;
}

